<?xml version="1.0" encoding="UTF-8"?>
<testng-results ignored="0" total="1" passed="1" failed="0" skipped="0">
  <reporter-output>
  </reporter-output>
  <suite started-at="2026-05-12T17:00:00 IST" name="Default suite" finished-at="2026-05-12T17:00:10 IST" duration-ms="10199">
    <groups>
    </groups>
    <test started-at="2026-05-12T17:00:00 IST" name="Default test" finished-at="2026-05-12T17:00:10 IST" duration-ms="10199">
      <class name="com.parabank.tests.SmokeTest">
        <test-method is-config="true" signature="setUp()[pri:0, instance:com.parabank.tests.SmokeTest@47d9a273]" started-at="2026-05-12T17:00:00 IST" name="setUp" finished-at="2026-05-12T17:00:09 IST" duration-ms="9336" status="PASS">
          <reporter-output>
          </reporter-output>
        </test-method> <!-- setUp -->
        <test-method signature="verifyParabankHomePage()[pri:0, instance:com.parabank.tests.SmokeTest@47d9a273]" started-at="2026-05-12T17:00:09 IST" name="verifyParabankHomePage" finished-at="2026-05-12T17:00:10 IST" duration-ms="36" status="PASS">
          <reporter-output>
          </reporter-output>
        </test-method> <!-- verifyParabankHomePage -->
        <test-method is-config="true" signature="tearDown()[pri:0, instance:com.parabank.tests.SmokeTest@47d9a273]" started-at="2026-05-12T17:00:10 IST" name="tearDown" finished-at="2026-05-12T17:00:10 IST" duration-ms="727" status="PASS">
          <reporter-output>
          </reporter-output>
        </test-method> <!-- tearDown -->
      </class> <!-- com.parabank.tests.SmokeTest -->
    </test> <!-- Default test -->
  </suite> <!-- Default suite -->
</testng-results>
